[36mvite v7.3.1 [32mbuilding client environment for production...[36m[39m
transforming...
[32m✓[39m 128 modules transformed.
[33mGenerated an empty chunk: "api.novaposhta".[39m
[33mGenerated an empty chunk: "api.register".[39m
[33mGenerated an empty chunk: "api.orders.create".[39m
[33mGenerated an empty chunk: "api.orders.list".[39m
[33mGenerated an empty chunk: "api.telegram.send".[39m
[33mGenerated an empty chunk: "api.search".[39m
[33mGenerated an empty chunk: "api.reviews".[39m
[33mGenerated an empty chunk: "api.contact".[39m
[33mGenerated an empty chunk: "api.auth.sync".[39m
[33mGenerated an empty chunk: "promo".[39m
[33mGenerated an empty chunk: "sitemap_._xml".[39m
[33mGenerated an empty chunk: "logout".[39m
rendering chunks...
computing gzip size...
[2mbuild/client/[22m[32m.vite/manifest.json                   [39m[1m[2m 12.78 kB[22m[1m[22m[2m │ gzip:  1.49 kB[22m
[2mbuild/client/[22m[35massets/root-BQXmkpBi.css              [39m[1m[2m  0.67 kB[22m[1m[22m[2m │ gzip:  0.35 kB[22m
[2mbuild/client/[22m[35massets/size-guide-Dih6r7tR.css        [39m[1m[2m  1.25 kB[22m[1m[22m[2m │ gzip:  0.50 kB[22m
[2mbuild/client/[22m[35massets/about-B_gMYkdq.css             [39m[1m[2m  1.79 kB[22m[1m[22m[2m │ gzip:  0.72 kB[22m
[2mbuild/client/[22m[35massets/_layout-DnCO94O5.css           [39m[1m[2m  7.53 kB[22m[1m[22m[2m │ gzip:  2.15 kB[22m
[2mbuild/client/[22m[35massets/product-UgN4RoK7.css           [39m[1m[2m 13.23 kB[22m[1m[22m[2m │ gzip:  3.57 kB[22m
[2mbuild/client/[22m[35massets/app-BYkNao6U.css               [39m[1m[2m223.42 kB[22m[1m[22m[2m │ gzip: 36.73 kB[22m
[2mbuild/client/[22m[36massets/api.novaposhta-l0sNRNKZ.js     [39m[1m[2m  0.00 kB[22m[1m[22m[2m │ gzip:  0.02 kB[22m
[2mbuild/client/[22m[36massets/api.register-l0sNRNKZ.js       [39m[1m[2m  0.00 kB[22m[1m[22m[2m │ gzip:  0.02 kB[22m
[2mbuild/client/[22m[36massets/api.orders.create-l0sNRNKZ.js  [39m[1m[2m  0.00 kB[22m[1m[22m[2m │ gzip:  0.02 kB[22m
[2mbuild/client/[22m[36massets/api.orders.list-l0sNRNKZ.js    [39m[1m[2m  0.00 kB[22m[1m[22m[2m │ gzip:  0.02 kB[22m
[2mbuild/client/[22m[36massets/api.telegram.send-l0sNRNKZ.js  [39m[1m[2m  0.00 kB[22m[1m[22m[2m │ gzip:  0.02 kB[22m
[2mbuild/client/[22m[36massets/api.search-l0sNRNKZ.js         [39m[1m[2m  0.00 kB[22m[1m[22m[2m │ gzip:  0.02 kB[22m
[2mbuild/client/[22m[36massets/api.reviews-l0sNRNKZ.js        [39m[1m[2m  0.00 kB[22m[1m[22m[2m │ gzip:  0.02 kB[22m
[2mbuild/client/[22m[36massets/api.contact-l0sNRNKZ.js        [39m[1m[2m  0.00 kB[22m[1m[22m[2m │ gzip:  0.02 kB[22m
[2mbuild/client/[22m[36massets/api.auth.sync-l0sNRNKZ.js      [39m[1m[2m  0.00 kB[22m[1m[22m[2m │ gzip:  0.02 kB[22m
[2mbuild/client/[22m[36massets/promo-l0sNRNKZ.js              [39m[1m[2m  0.00 kB[22m[1m[22m[2m │ gzip:  0.02 kB[22m
[2mbuild/client/[22m[36massets/sitemap_._xml-l0sNRNKZ.js      [39m[1m[2m  0.00 kB[22m[1m[22m[2m │ gzip:  0.02 kB[22m
[2mbuild/client/[22m[36massets/logout-l0sNRNKZ.js             [39m[1m[2m  0.00 kB[22m[1m[22m[2m │ gzip:  0.02 kB[22m
[2mbuild/client/[22m[36massets/CategoryCard-Gb_spux9.js       [39m[1m[2m  0.99 kB[22m[1m[22m[2m │ gzip:  0.49 kB[22m
[2mbuild/client/[22m[36massets/storage-Bes3GejY.js            [39m[1m[2m  1.85 kB[22m[1m[22m[2m │ gzip:  0.63 kB[22m
[2mbuild/client/[22m[36massets/reviews-B_EeZnAK.js            [39m[1m[2m  1.89 kB[22m[1m[22m[2m │ gzip:  0.86 kB[22m
[2mbuild/client/[22m[36massets/Toast-D5P40XyZ.js              [39m[1m[2m  2.39 kB[22m[1m[22m[2m │ gzip:  1.06 kB[22m
[2mbuild/client/[22m[36massets/ProductCard-D91p2x_Q.js        [39m[1m[2m  2.55 kB[22m[1m[22m[2m │ gzip:  1.12 kB[22m
[2mbuild/client/[22m[36massets/HeroSlider-BmHKlqR0.js         [39m[1m[2m  2.79 kB[22m[1m[22m[2m │ gzip:  1.13 kB[22m
[2mbuild/client/[22m[36massets/index-B4g3Tpp5.js              [39m[1m[2m  3.49 kB[22m[1m[22m[2m │ gzip:  1.20 kB[22m
[2mbuild/client/[22m[36massets/size-guide-BXU579pM.js         [39m[1m[2m  4.09 kB[22m[1m[22m[2m │ gzip:  1.05 kB[22m
[2mbuild/client/[22m[36massets/index-CstsPxUK.js              [39m[1m[2m  4.49 kB[22m[1m[22m[2m │ gzip:  1.65 kB[22m
[2mbuild/client/[22m[36massets/contacts-SNjNPQ3E.js           [39m[1m[2m  4.82 kB[22m[1m[22m[2m │ gzip:  1.65 kB[22m
[2mbuild/client/[22m[36massets/_layout-DA8I1GD7.js            [39m[1m[2m  5.38 kB[22m[1m[22m[2m │ gzip:  1.77 kB[22m
[2mbuild/client/[22m[36massets/delivery-DVhnsG_n.js           [39m[1m[2m  5.44 kB[22m[1m[22m[2m │ gzip:  1.37 kB[22m
[2mbuild/client/[22m[36massets/login-Bl3Rb5tc.js              [39m[1m[2m  5.74 kB[22m[1m[22m[2m │ gzip:  1.94 kB[22m
[2mbuild/client/[22m[36massets/auth-BKtrSvR_.js               [39m[1m[2m  5.85 kB[22m[1m[22m[2m │ gzip:  2.12 kB[22m
[2mbuild/client/[22m[36massets/auth-BhRNk18A.js               [39m[1m[2m  6.41 kB[22m[1m[22m[2m │ gzip:  2.31 kB[22m
[2mbuild/client/[22m[36massets/index-BQPwfaU_.js              [39m[1m[2m  6.74 kB[22m[1m[22m[2m │ gzip:  2.07 kB[22m
[2mbuild/client/[22m[36massets/index-Cb5Ve1nY.js              [39m[1m[2m  6.84 kB[22m[1m[22m[2m │ gzip:  2.52 kB[22m
[2mbuild/client/[22m[36massets/wishlist-DLnHwGGe.js           [39m[1m[2m  8.90 kB[22m[1m[22m[2m │ gzip:  2.82 kB[22m
[2mbuild/client/[22m[36massets/shop-pages-DN0neioi.js         [39m[1m[2m  9.63 kB[22m[1m[22m[2m │ gzip:  3.28 kB[22m
[2mbuild/client/[22m[36massets/promo-D7TiBVSb.js              [39m[1m[2m 10.72 kB[22m[1m[22m[2m │ gzip:  2.77 kB[22m
[2mbuild/client/[22m[36massets/shop._category-SVpN17Mn.js     [39m[1m[2m 10.92 kB[22m[1m[22m[2m │ gzip:  3.88 kB[22m
[2mbuild/client/[22m[36massets/_id-BTwfhuFn.js                [39m[1m[2m 11.33 kB[22m[1m[22m[2m │ gzip:  2.91 kB[22m
[2mbuild/client/[22m[36massets/about-j7GM_HqE.js              [39m[1m[2m 12.66 kB[22m[1m[22m[2m │ gzip:  3.22 kB[22m
[2mbuild/client/[22m[36massets/home-DiCvyvUn.js               [39m[1m[2m 14.12 kB[22m[1m[22m[2m │ gzip:  4.00 kB[22m
[2mbuild/client/[22m[36massets/_id-BQVSnZak.js                [39m[1m[2m 15.39 kB[22m[1m[22m[2m │ gzip:  3.71 kB[22m
[2mbuild/client/[22m[36massets/product._id-B6Niwgk4.js        [39m[1m[2m 15.57 kB[22m[1m[22m[2m │ gzip:  5.32 kB[22m
[2mbuild/client/[22m[36massets/_id-Duxi1Sav.js                [39m[1m[2m 22.28 kB[22m[1m[22m[2m │ gzip:  5.81 kB[22m
[2mbuild/client/[22m[36massets/profile-CpC1Imhy.js            [39m[1m[2m 24.31 kB[22m[1m[22m[2m │ gzip:  5.62 kB[22m
[2mbuild/client/[22m[36massets/checkout-Bw6AlEdE.js           [39m[1m[2m 25.08 kB[22m[1m[22m[2m │ gzip:  6.96 kB[22m
[2mbuild/client/[22m[36massets/root-CIQRSMx4.js               [39m[1m[2m 35.05 kB[22m[1m[22m[2m │ gzip:  9.25 kB[22m
[2mbuild/client/[22m[36massets/slides-C0jhjfaj.js             [39m[1m[2m 68.46 kB[22m[1m[22m[2m │ gzip: 13.59 kB[22m
[2mbuild/client/[22m[36massets/chunk-EPOLDU6W-DA-6LuiQ.js     [39m[1m[2m125.43 kB[22m[1m[22m[2m │ gzip: 42.47 kB[22m
[2mbuild/client/[22m[36massets/entry.client-BKkaoT-j.js       [39m[1m[2m190.41 kB[22m[1m[22m[2m │ gzip: 60.02 kB[22m
[32m✓ built in 1.56s[39m
[36mvite v7.3.1 [32mbuilding ssr environment for production...[36m[39m
transforming...
[33m"useParams" is imported from external module "react-router" but never used in "app/routes/admin/products/$id.tsx".[39m
[33m"default" is imported from external module "react" but never used in "app/components/LoadingScreen.tsx".[39m
[32m✓[39m 65 modules transformed.
[33m[plugin vite:reporter] 
(!) D:/mindbody/app/utils/cache.server.ts is dynamically imported by D:/mindbody/app/routes/admin/products/$id.tsx but also statically imported by D:/mindbody/app/routes/home.tsx, dynamic import will not move module into another chunk.
[39m
[33m[plugin vite:reporter] 
(!) D:/mindbody/app/utils/userSession.server.ts is dynamically imported by D:/mindbody/app/routes/api.orders.list.tsx but also statically imported by D:/mindbody/app/routes/api.auth.sync.tsx, dynamic import will not move module into another chunk.
[39m
rendering chunks...
[2mbuild/server/nodejs_eyJydW50aW1lIjoibm9kZWpzIn0/[22m[32m.vite/manifest.json               [39m[1m[2m  0.23 kB[22m[1m[22m
[2mbuild/server/nodejs_eyJydW50aW1lIjoibm9kZWpzIn0/[22m[35massets/server-build-Bspz5QTR.css  [39m[1m[2m247.86 kB[22m[1m[22m
[2mbuild/server/nodejs_eyJydW50aW1lIjoibm9kZWpzIn0/[22m[36mindex.js                          [39m[1m[33m789.51 kB[39m[22m

[32m✓[39m 1 asset cleaned from React Router server build.
[2mbuild\server\nodejs_eyJydW50aW1lIjoibm9kZWpzIn0\assets\server-build-Bspz5QTR.css[22m

[32m✓ built in 521ms[39m
